<?xml version="1.0" encoding="UTF-8"?>
<!-- Generated by org.testng.reporters.JUnitXMLReporter -->
<testsuite hostname="shankar-Inspiron" name="Access the URL" tests="1" failures="1" timestamp="19 Apr 2016 13:02:38 GMT" time="0.026" errors="0">
  <testcase name="testGET" time="0.01" classname="com.bluemeric.testcase.DemoQA">
    <failure type="java.net.MalformedURLException" message="no protocol: ">
      <![CDATA[java.net.MalformedURLException: no protocol: 
	at java.net.URL.<init>(URL.java:596)
	at java.net.URL.<init>(URL.java:493)
	at java.net.URL.<init>(URL.java:442)
	at com.bluemeric.testcase.DemoQA.testGET(DemoQA.java:24)
	at com.bluemeric.main.Main.runTestNGTest(Main.java:51)
	at com.bluemeric.main.Main.main(Main.java:66)
... Removed 21 stack frames]]>
    </failure>
  </testcase> <!-- testGET -->
</testsuite> <!-- Access the URL -->
